2024-07-03 17:07:42.8779|Debug|Registered model binder providers, in the following order: Microsoft.AspNetCore.Mvc.ModelBinding.Binders.BinderTypeModelBinderProvider, Microsoft.AspNetCore.Mvc.ModelBinding.Binders.ServicesModelBinderProvider, Microsoft.AspNetCore.Mvc.ModelBinding.Binders.BodyModelBinderProvider, Microsoft.AspNetCore.Mvc.ModelBinding.Binders.HeaderModelBinderProvider, Microsoft.AspNetCore.Mvc.ModelBinding.Binders.FloatingPointTypeModelBinderProvider, Microsoft.AspNetCore.Mvc.ModelBinding.Binders.EnumTypeModelBinderProvider, Microsoft.AspNetCore.Mvc.ModelBinding.Binders.DateTimeModelBinderProvider, Microsoft.AspNetCore.Mvc.ModelBinding.Binders.SimpleTypeModelBinderProvider, Microsoft.AspNetCore.Mvc.ModelBinding.Binders.TryParseModelBinderProvider, Microsoft.AspNetCore.Mvc.ModelBinding.Binders.CancellationTokenModelBinderProvider, Microsoft.AspNetCore.Mvc.ModelBinding.Binders.ByteArrayModelBinderProvider, Microsoft.AspNetCore.Mvc.ModelBinding.Binders.FormFileModelBinderProvider, Microsoft.AspNetCore.Mvc.ModelBinding.Binders.FormCollectionModelBinderProvider, Microsoft.AspNetCore.Mvc.ModelBinding.Binders.KeyValuePairModelBinderProvider, Microsoft.AspNetCore.Mvc.ModelBinding.Binders.DictionaryModelBinderProvider, Microsoft.AspNetCore.Mvc.ModelBinding.Binders.ArrayModelBinderProvider, Microsoft.AspNetCore.Mvc.ModelBinding.Binders.CollectionModelBinderProvider, Microsoft.AspNetCore.Mvc.ModelBinding.Binders.ComplexObjectModelBinderProvider |ModelBinderProviders=Microsoft.AspNetCore.Mvc.ModelBinding.Binders.BinderTypeModelBinderProvider, Microsoft.AspNetCore.Mvc.ModelBinding.Binders.ServicesModelBinderProvider, Microsoft.AspNetCore.Mvc.ModelBinding.Binders.BodyModelBinderProvider, Microsoft.AspNetCore.Mvc.ModelBinding.Binders.HeaderModelBinderProvider, Microsoft.AspNetCore.Mvc.ModelBinding.Binders.FloatingPointTypeModelBinderProvider, Microsoft.AspNetCore.Mvc.ModelBinding.Binders.EnumTypeModelBinderProvider, Microsoft.AspNetCore.Mvc.ModelBinding.Binders.DateTimeModelBinderProvider, Microsoft.AspNetCore.Mvc.ModelBinding.Binders.SimpleTypeModelBinderProvider, Microsoft.AspNetCore.Mvc.ModelBinding.Binders.TryParseModelBinderProvider, Microsoft.AspNetCore.Mvc.ModelBinding.Binders.CancellationTokenModelBinderProvider, Microsoft.AspNetCore.Mvc.ModelBinding.Binders.ByteArrayModelBinderProvider, Microsoft.AspNetCore.Mvc.ModelBinding.Binders.FormFileModelBinderProvider, Microsoft.AspNetCore.Mvc.ModelBinding.Binders.FormCollectionModelBinderProvider, Microsoft.AspNetCore.Mvc.ModelBinding.Binders.KeyValuePairModelBinderProvider, Microsoft.AspNetCore.Mvc.ModelBinding.Binders.DictionaryModelBinderProvider, Microsoft.AspNetCore.Mvc.ModelBinding.Binders.ArrayModelBinderProvider, Microsoft.AspNetCore.Mvc.ModelBinding.Binders.CollectionModelBinderProvider, Microsoft.AspNetCore.Mvc.ModelBinding.Binders.ComplexObjectModelBinderProvider, EventId=12, EventName=RegisteredModelBinderProviders 
2024-07-03 17:07:43.0746|Debug|Hosting starting |EventId=1, EventName=Starting 
2024-07-03 17:07:43.1390|Info|User profile is available. Using 'C:\Users\Lenovo\AppData\Local\ASP.NET\DataProtection-Keys' as key repository and Windows DPAPI to encrypt keys at rest. |FullName=C:\Users\Lenovo\AppData\Local\ASP.NET\DataProtection-Keys, EventId=63, EventName=UsingProfileAsKeyRepositoryWithDPAPI 
2024-07-03 17:07:43.1390|Debug|Reading data from file 'C:\Users\Lenovo\AppData\Local\ASP.NET\DataProtection-Keys\key-0af5b98d-c919-45ff-ac6b-d1d467193aca.xml'. |FullPath=C:\Users\Lenovo\AppData\Local\ASP.NET\DataProtection-Keys\key-0af5b98d-c919-45ff-ac6b-d1d467193aca.xml, EventId=37, EventName=ReadingDataFromFile 
2024-07-03 17:07:43.1627|Debug|Reading data from file 'C:\Users\Lenovo\AppData\Local\ASP.NET\DataProtection-Keys\key-340ac79e-208a-46a2-a6ff-0a7cbb6d2714.xml'. |FullPath=C:\Users\Lenovo\AppData\Local\ASP.NET\DataProtection-Keys\key-340ac79e-208a-46a2-a6ff-0a7cbb6d2714.xml, EventId=37, EventName=ReadingDataFromFile 
2024-07-03 17:07:43.1627|Debug|Reading data from file 'C:\Users\Lenovo\AppData\Local\ASP.NET\DataProtection-Keys\key-da74334d-6e7c-4f22-b543-8bcebc34a17c.xml'. |FullPath=C:\Users\Lenovo\AppData\Local\ASP.NET\DataProtection-Keys\key-da74334d-6e7c-4f22-b543-8bcebc34a17c.xml, EventId=37, EventName=ReadingDataFromFile 
2024-07-03 17:07:43.1959|Debug|Found key {0af5b98d-c919-45ff-ac6b-d1d467193aca}. |KeyId=0af5b98d-c919-45ff-ac6b-d1d467193aca, EventId=18, EventName=FoundKey 
2024-07-03 17:07:43.1959|Debug|Found key {340ac79e-208a-46a2-a6ff-0a7cbb6d2714}. |KeyId=340ac79e-208a-46a2-a6ff-0a7cbb6d2714, EventId=18, EventName=FoundKey 
2024-07-03 17:07:43.1959|Debug|Found key {da74334d-6e7c-4f22-b543-8bcebc34a17c}. |KeyId=da74334d-6e7c-4f22-b543-8bcebc34a17c, EventId=18, EventName=FoundKey 
2024-07-03 17:07:43.2088|Debug|Considering key {da74334d-6e7c-4f22-b543-8bcebc34a17c} with expiration date 2024-09-08 08:34:53Z as default key. |KeyId=da74334d-6e7c-4f22-b543-8bcebc34a17c, ExpirationDate=09/08/2024 08:34:53 +00:00, EventId=13, EventName=ConsideringKeyWithExpirationDateAsDefaultKey 
2024-07-03 17:07:43.2088|Debug|Forwarded activator type request from Microsoft.AspNetCore.DataProtection.XmlEncryption.DpapiXmlDecryptor, Microsoft.AspNetCore.DataProtection, Version=7.0.0.0, Culture=neutral, PublicKeyToken=adb9793829ddae60 to Microsoft.AspNetCore.DataProtection.XmlEncryption.DpapiXmlDecryptor, Microsoft.AspNetCore.DataProtection, Culture=neutral, PublicKeyToken=adb9793829ddae60 |FromType=Microsoft.AspNetCore.DataProtection.XmlEncryption.DpapiXmlDecryptor, Microsoft.AspNetCore.DataProtection, Version=7.0.0.0, Culture=neutral, PublicKeyToken=adb9793829ddae60, ToType=Microsoft.AspNetCore.DataProtection.XmlEncryption.DpapiXmlDecryptor, Microsoft.AspNetCore.DataProtection, Culture=neutral, PublicKeyToken=adb9793829ddae60 
2024-07-03 17:07:43.2088|Debug|Decrypting secret element using Windows DPAPI. |EventId=51, EventName=DecryptingSecretElementUsingWindowsDPAPI 
2024-07-03 17:07:43.2088|Debug|Forwarded activator type request from Microsoft.AspNetCore.DataProtection.AuthenticatedEncryption.ConfigurationModel.AuthenticatedEncryptorDescriptorDeserializer, Microsoft.AspNetCore.DataProtection, Version=7.0.0.0, Culture=neutral, PublicKeyToken=adb9793829ddae60 to Microsoft.AspNetCore.DataProtection.AuthenticatedEncryption.ConfigurationModel.AuthenticatedEncryptorDescriptorDeserializer, Microsoft.AspNetCore.DataProtection, Culture=neutral, PublicKeyToken=adb9793829ddae60 |FromType=Microsoft.AspNetCore.DataProtection.AuthenticatedEncryption.ConfigurationModel.AuthenticatedEncryptorDescriptorDeserializer, Microsoft.AspNetCore.DataProtection, Version=7.0.0.0, Culture=neutral, PublicKeyToken=adb9793829ddae60, ToType=Microsoft.AspNetCore.DataProtection.AuthenticatedEncryption.ConfigurationModel.AuthenticatedEncryptorDescriptorDeserializer, Microsoft.AspNetCore.DataProtection, Culture=neutral, PublicKeyToken=adb9793829ddae60 
2024-07-03 17:07:43.2088|Debug|Opening CNG algorithm 'AES' from provider '(null)' with chaining mode CBC. |EncryptionAlgorithm=AES, EventId=4, EventName=OpeningCNGAlgorithmFromProviderWithChainingModeCBC 
2024-07-03 17:07:43.2088|Debug|Opening CNG algorithm 'SHA256' from provider '(null)' with HMAC. |HashAlgorithm=SHA256, EventId=3, EventName=OpeningCNGAlgorithmFromProviderWithHMAC 
2024-07-03 17:07:43.2088|Debug|Using key {da74334d-6e7c-4f22-b543-8bcebc34a17c} as the default key. |KeyId=da74334d-6e7c-4f22-b543-8bcebc34a17c, EventId=2, EventName=UsingKeyAsDefaultKey 
2024-07-03 17:07:43.2088|Debug|Key ring with default key {da74334d-6e7c-4f22-b543-8bcebc34a17c} was loaded during application startup. |KeyId=da74334d-6e7c-4f22-b543-8bcebc34a17c, EventId=65, EventName=KeyRingWasLoadedOnStartup 
2024-07-03 17:07:43.5821|Info|Now listening on: http://localhost:5255 |address=http://localhost:5255, EventId=14, EventName=ListeningOnAddress 
2024-07-03 17:07:43.5821|Debug|Loaded hosting startup assembly Fundoo |assemblyName=Fundoo, EventId=13, EventName=HostingStartupAssemblyLoaded 
2024-07-03 17:07:43.5821|Debug|Loaded hosting startup assembly Microsoft.AspNetCore.Watch.BrowserRefresh |assemblyName=Microsoft.AspNetCore.Watch.BrowserRefresh, EventId=13, EventName=HostingStartupAssemblyLoaded 
2024-07-03 17:07:43.5821|Debug|Loaded hosting startup assembly Microsoft.WebTools.BrowserLink.Net |assemblyName=Microsoft.WebTools.BrowserLink.Net, EventId=13, EventName=HostingStartupAssemblyLoaded 
2024-07-03 17:07:43.5821|Info|Application started. Press Ctrl+C to shut down. | 
2024-07-03 17:07:43.5837|Info|Hosting environment: Development |EnvName=Development 
2024-07-03 17:07:43.5837|Info|Content root path: E:\BridgeLabz\ASP.net\Fundoo\Fundoo |ContentRoot=E:\BridgeLabz\ASP.net\Fundoo\Fundoo 
2024-07-03 17:07:43.5837|Debug|Hosting started |EventId=2, EventName=Started 
2024-07-03 17:07:43.6360|Debug|Connection id "0HN4RAI6QT2RT" accepted. |ConnectionId=0HN4RAI6QT2RT, EventId=39, EventName=ConnectionAccepted 
2024-07-03 17:07:43.6360|Debug|Connection id "0HN4RAI6QT2RT" started. |ConnectionId=0HN4RAI6QT2RT, EventId=1, EventName=ConnectionStart 
2024-07-03 17:07:43.6480|Debug|Connection id "0HN4RAI6QT2RT" received FIN. |ConnectionId=0HN4RAI6QT2RT, EventId=6, EventName=ConnectionReadFin 
2024-07-03 17:07:43.6480|Debug|Connection id "0HN4RAI6QT2RT" sending FIN because: "The Socket transport's send loop completed gracefully." |ConnectionId=0HN4RAI6QT2RT, Reason=The Socket transport's send loop completed gracefully., EventId=7, EventName=ConnectionWriteFin 
2024-07-03 17:07:43.6480|Debug|Connection id "0HN4RAI6QT2RT" disconnecting. |ConnectionId=0HN4RAI6QT2RT, EventId=10, EventName=ConnectionDisconnect 
2024-07-03 17:07:43.6480|Debug|Connection id "0HN4RAI6QT2RT" stopped. |ConnectionId=0HN4RAI6QT2RT, EventId=2, EventName=ConnectionStop 
2024-07-03 17:07:43.7653|Debug|Connection id "0HN4RAI6QT2RU" accepted. |ConnectionId=0HN4RAI6QT2RU, EventId=39, EventName=ConnectionAccepted 
2024-07-03 17:07:43.7653|Debug|Connection id "0HN4RAI6QT2RU" started. |ConnectionId=0HN4RAI6QT2RU, EventId=1, EventName=ConnectionStart 
2024-07-03 17:07:43.7653|Debug|Connection id "0HN4RAI6QT2RV" accepted. |ConnectionId=0HN4RAI6QT2RV, EventId=39, EventName=ConnectionAccepted 
2024-07-03 17:07:43.7653|Debug|Connection id "0HN4RAI6QT2RV" started. |ConnectionId=0HN4RAI6QT2RV, EventId=1, EventName=ConnectionStart 
2024-07-03 17:07:43.8817|Info|Request starting HTTP/1.1 GET http://localhost:5255/index.html - - |Protocol=HTTP/1.1, Method=GET, Scheme=http, Host=localhost:5255, Path=/index.html, EventId=1 
2024-07-03 17:07:43.9286|Debug|Wildcard detected, all requests with hosts will be allowed. | 
2024-07-03 17:07:43.9286|Trace|All hosts are allowed. |EventId=2, EventName=AllHostsAllowed 
2024-07-03 17:07:43.9572|Debug|No candidates found for the request path '/index.html' |Path=/index.html, EventId=1000, EventName=CandidatesNotFound 
2024-07-03 17:07:43.9579|Debug|Request did not match any endpoints |EventId=2, EventName=MatchFailure 
2024-07-03 17:07:44.0286|Debug|Response markup is scheduled to include browser refresh script injection. |EventId=1, EventName=SetUpResponseForBrowserRefresh 
2024-07-03 17:07:44.1993|Debug|Connection id "0HN4RAI6QT2S0" accepted. |ConnectionId=0HN4RAI6QT2S0, EventId=39, EventName=ConnectionAccepted 
2024-07-03 17:07:44.1993|Debug|Connection id "0HN4RAI6QT2S0" started. |ConnectionId=0HN4RAI6QT2S0, EventId=1, EventName=ConnectionStart 
2024-07-03 17:07:44.1993|Debug|Connection id "0HN4RAI6QT2S1" accepted. |ConnectionId=0HN4RAI6QT2S1, EventId=39, EventName=ConnectionAccepted 
2024-07-03 17:07:44.1993|Debug|Connection id "0HN4RAI6QT2S1" started. |ConnectionId=0HN4RAI6QT2S1, EventId=1, EventName=ConnectionStart 
2024-07-03 17:07:44.1993|Info|Request starting HTTP/1.1 GET http://localhost:5255/swagger-ui-bundle.js - - |Protocol=HTTP/1.1, Method=GET, Scheme=http, Host=localhost:5255, Path=/swagger-ui-bundle.js, EventId=1 
2024-07-03 17:07:44.1993|Info|Request starting HTTP/1.1 GET http://localhost:5255/swagger-ui.css - - |Protocol=HTTP/1.1, Method=GET, Scheme=http, Host=localhost:5255, Path=/swagger-ui.css, EventId=1 
2024-07-03 17:07:44.1993|Info|Request starting HTTP/1.1 GET http://localhost:5255/swagger-ui-standalone-preset.js - - |Protocol=HTTP/1.1, Method=GET, Scheme=http, Host=localhost:5255, Path=/swagger-ui-standalone-preset.js, EventId=1 
2024-07-03 17:07:44.1993|Debug|Response markup was updated to include browser refresh script injection. |EventId=2, EventName=BrowserConfiguredForRefreshes 
2024-07-03 17:07:44.1993|Trace|All hosts are allowed. |EventId=2, EventName=AllHostsAllowed 
2024-07-03 17:07:44.1993|Trace|All hosts are allowed. |EventId=2, EventName=AllHostsAllowed 
2024-07-03 17:07:44.1993|Trace|All hosts are allowed. |EventId=2, EventName=AllHostsAllowed 
2024-07-03 17:07:44.1993|Debug|No candidates found for the request path '/swagger-ui-bundle.js' |Path=/swagger-ui-bundle.js, EventId=1000, EventName=CandidatesNotFound 
2024-07-03 17:07:44.1993|Debug|No candidates found for the request path '/swagger-ui-standalone-preset.js' |Path=/swagger-ui-standalone-preset.js, EventId=1000, EventName=CandidatesNotFound 
2024-07-03 17:07:44.1993|Debug|Connection id "0HN4RAI6QT2RU" completed keep alive response. |ConnectionId=0HN4RAI6QT2RU, EventId=9, EventName=ConnectionKeepAlive 
2024-07-03 17:07:44.1993|Debug|No candidates found for the request path '/swagger-ui.css' |Path=/swagger-ui.css, EventId=1000, EventName=CandidatesNotFound 
2024-07-03 17:07:44.1993|Debug|Request did not match any endpoints |EventId=2, EventName=MatchFailure 
2024-07-03 17:07:44.1993|Debug|Request did not match any endpoints |EventId=2, EventName=MatchFailure 
2024-07-03 17:07:44.1993|Debug|Request did not match any endpoints |EventId=2, EventName=MatchFailure 
2024-07-03 17:07:44.1993|Info|Request finished HTTP/1.1 GET http://localhost:5255/index.html - - - 200 - text/html;charset=utf-8 324.1029ms |ElapsedMilliseconds=324.1029, StatusCode=200, ContentType=text/html;charset=utf-8, Protocol=HTTP/1.1, Method=GET, Scheme=http, Host=localhost:5255, Path=/index.html, EventId=2 
2024-07-03 17:07:44.2219|Trace|Range header's value is empty. | 
2024-07-03 17:07:44.2219|Trace|Range header's value is empty. | 
2024-07-03 17:07:44.2219|Trace|Range header's value is empty. | 
2024-07-03 17:07:44.2219|Info|The file /swagger-ui-standalone-preset.js was not modified |Path=/swagger-ui-standalone-preset.js, EventId=6, EventName=FileNotModified 
2024-07-03 17:07:44.2219|Info|The file /swagger-ui-bundle.js was not modified |Path=/swagger-ui-bundle.js, EventId=6, EventName=FileNotModified 
2024-07-03 17:07:44.2219|Info|The file /swagger-ui.css was not modified |Path=/swagger-ui.css, EventId=6, EventName=FileNotModified 
2024-07-03 17:07:44.2274|Debug|Handled. Status code: 304 File: /swagger-ui.css |StatusCode=304, Path=/swagger-ui.css, EventId=8, EventName=Handled 
2024-07-03 17:07:44.2274|Debug|Handled. Status code: 304 File: /swagger-ui-bundle.js |StatusCode=304, Path=/swagger-ui-bundle.js, EventId=8, EventName=Handled 
2024-07-03 17:07:44.2274|Debug|Handled. Status code: 304 File: /swagger-ui-standalone-preset.js |StatusCode=304, Path=/swagger-ui-standalone-preset.js, EventId=8, EventName=Handled 
2024-07-03 17:07:44.2274|Debug|Connection id "0HN4RAI6QT2RV" completed keep alive response. |ConnectionId=0HN4RAI6QT2RV, EventId=9, EventName=ConnectionKeepAlive 
2024-07-03 17:07:44.2274|Debug|Connection id "0HN4RAI6QT2S0" completed keep alive response. |ConnectionId=0HN4RAI6QT2S0, EventId=9, EventName=ConnectionKeepAlive 
2024-07-03 17:07:44.2274|Debug|Connection id "0HN4RAI6QT2S1" completed keep alive response. |ConnectionId=0HN4RAI6QT2S1, EventId=9, EventName=ConnectionKeepAlive 
2024-07-03 17:07:44.2274|Info|Request finished HTTP/1.1 GET http://localhost:5255/swagger-ui.css - - - 304 - text/css 27.3478ms |ElapsedMilliseconds=27.3478, StatusCode=304, ContentType=text/css, Protocol=HTTP/1.1, Method=GET, Scheme=http, Host=localhost:5255, Path=/swagger-ui.css, EventId=2 
2024-07-03 17:07:44.2274|Info|Request finished HTTP/1.1 GET http://localhost:5255/swagger-ui-standalone-preset.js - - - 304 - text/javascript 27.3303ms |ElapsedMilliseconds=27.3303, StatusCode=304, ContentType=text/javascript, Protocol=HTTP/1.1, Method=GET, Scheme=http, Host=localhost:5255, Path=/swagger-ui-standalone-preset.js, EventId=2 
2024-07-03 17:07:44.2274|Info|Request finished HTTP/1.1 GET http://localhost:5255/swagger-ui-bundle.js - - - 304 - text/javascript 27.3645ms |ElapsedMilliseconds=27.3645, StatusCode=304, ContentType=text/javascript, Protocol=HTTP/1.1, Method=GET, Scheme=http, Host=localhost:5255, Path=/swagger-ui-bundle.js, EventId=2 
2024-07-03 17:07:44.2274|Info|Request starting HTTP/1.1 GET http://localhost:5255/_framework/aspnetcore-browser-refresh.js - - |Protocol=HTTP/1.1, Method=GET, Scheme=http, Host=localhost:5255, Path=/_framework/aspnetcore-browser-refresh.js, EventId=1 
2024-07-03 17:07:44.2274|Info|Request starting HTTP/1.1 GET http://localhost:5255/_vs/browserLink - - |Protocol=HTTP/1.1, Method=GET, Scheme=http, Host=localhost:5255, Path=/_vs/browserLink, EventId=1 
2024-07-03 17:07:44.2430|Debug|Connection id "0HN4RAI6QT2S1" completed keep alive response. |ConnectionId=0HN4RAI6QT2S1, EventId=9, EventName=ConnectionKeepAlive 
2024-07-03 17:07:44.2430|Info|Request finished HTTP/1.1 GET http://localhost:5255/_framework/aspnetcore-browser-refresh.js - - - 200 12344 application/javascript;+charset=utf-8 3.9593ms |ElapsedMilliseconds=3.9593, StatusCode=200, ContentType=application/javascript; charset=utf-8, ContentLength=12344, Protocol=HTTP/1.1, Method=GET, Scheme=http, Host=localhost:5255, Path=/_framework/aspnetcore-browser-refresh.js, EventId=2 
2024-07-03 17:07:44.3983|Debug|Connection id "0HN4RAI6QT2RV" completed keep alive response. |ConnectionId=0HN4RAI6QT2RV, EventId=9, EventName=ConnectionKeepAlive 
2024-07-03 17:07:44.3983|Info|Request finished HTTP/1.1 GET http://localhost:5255/_vs/browserLink - - - 200 - text/javascript;+charset=UTF-8 159.1617ms |ElapsedMilliseconds=159.1617, StatusCode=200, ContentType=text/javascript; charset=UTF-8, Protocol=HTTP/1.1, Method=GET, Scheme=http, Host=localhost:5255, Path=/_vs/browserLink, EventId=2 
2024-07-03 17:07:44.5390|Info|Request starting HTTP/1.1 GET http://localhost:5255/swagger/v1/swagger.json - - |Protocol=HTTP/1.1, Method=GET, Scheme=http, Host=localhost:5255, Path=/swagger/v1/swagger.json, EventId=1 
2024-07-03 17:07:44.5390|Trace|All hosts are allowed. |EventId=2, EventName=AllHostsAllowed 
2024-07-03 17:07:44.5390|Debug|No candidates found for the request path '/swagger/v1/swagger.json' |Path=/swagger/v1/swagger.json, EventId=1000, EventName=CandidatesNotFound 
2024-07-03 17:07:44.5390|Debug|Request did not match any endpoints |EventId=2, EventName=MatchFailure 
2024-07-03 17:07:44.7204|Debug|Connection id "0HN4RAI6QT2RV" completed keep alive response. |ConnectionId=0HN4RAI6QT2RV, EventId=9, EventName=ConnectionKeepAlive 
2024-07-03 17:07:44.7204|Info|Request finished HTTP/1.1 GET http://localhost:5255/swagger/v1/swagger.json - - - 200 - application/json;charset=utf-8 181.8492ms |ElapsedMilliseconds=181.8492, StatusCode=200, ContentType=application/json;charset=utf-8, Protocol=HTTP/1.1, Method=GET, Scheme=http, Host=localhost:5255, Path=/swagger/v1/swagger.json, EventId=2 
2024-07-03 17:07:46.8282|Debug|Connection id "0HN4RAI6QT2RU" received FIN. |ConnectionId=0HN4RAI6QT2RU, EventId=6, EventName=ConnectionReadFin 
2024-07-03 17:07:46.8282|Debug|Connection id "0HN4RAI6QT2S0" received FIN. |ConnectionId=0HN4RAI6QT2S0, EventId=6, EventName=ConnectionReadFin 
2024-07-03 17:07:46.8282|Debug|Connection id "0HN4RAI6QT2S1" received FIN. |ConnectionId=0HN4RAI6QT2S1, EventId=6, EventName=ConnectionReadFin 
2024-07-03 17:07:46.8282|Debug|Connection id "0HN4RAI6QT2RV" received FIN. |ConnectionId=0HN4RAI6QT2RV, EventId=6, EventName=ConnectionReadFin 
2024-07-03 17:07:46.8282|Debug|Connection id "0HN4RAI6QT2S0" sending FIN because: "The Socket transport's send loop completed gracefully." |ConnectionId=0HN4RAI6QT2S0, Reason=The Socket transport's send loop completed gracefully., EventId=7, EventName=ConnectionWriteFin 
2024-07-03 17:07:46.8282|Debug|Connection id "0HN4RAI6QT2RU" sending FIN because: "The Socket transport's send loop completed gracefully." |ConnectionId=0HN4RAI6QT2RU, Reason=The Socket transport's send loop completed gracefully., EventId=7, EventName=ConnectionWriteFin 
2024-07-03 17:07:46.8282|Debug|Connection id "0HN4RAI6QT2S0" disconnecting. |ConnectionId=0HN4RAI6QT2S0, EventId=10, EventName=ConnectionDisconnect 
2024-07-03 17:07:46.8282|Debug|Connection id "0HN4RAI6QT2RU" disconnecting. |ConnectionId=0HN4RAI6QT2RU, EventId=10, EventName=ConnectionDisconnect 
2024-07-03 17:07:46.8282|Debug|Connection id "0HN4RAI6QT2RV" sending FIN because: "The Socket transport's send loop completed gracefully." |ConnectionId=0HN4RAI6QT2RV, Reason=The Socket transport's send loop completed gracefully., EventId=7, EventName=ConnectionWriteFin 
2024-07-03 17:07:46.8282|Debug|Connection id "0HN4RAI6QT2S1" sending FIN because: "The Socket transport's send loop completed gracefully." |ConnectionId=0HN4RAI6QT2S1, Reason=The Socket transport's send loop completed gracefully., EventId=7, EventName=ConnectionWriteFin 
2024-07-03 17:07:46.8282|Debug|Connection id "0HN4RAI6QT2RV" disconnecting. |ConnectionId=0HN4RAI6QT2RV, EventId=10, EventName=ConnectionDisconnect 
2024-07-03 17:07:46.8282|Debug|Connection id "0HN4RAI6QT2S1" disconnecting. |ConnectionId=0HN4RAI6QT2S1, EventId=10, EventName=ConnectionDisconnect 
2024-07-03 17:07:46.8282|Debug|Connection id "0HN4RAI6QT2RU" stopped. |ConnectionId=0HN4RAI6QT2RU, EventId=2, EventName=ConnectionStop 
2024-07-03 17:07:46.8282|Debug|Connection id "0HN4RAI6QT2S0" stopped. |ConnectionId=0HN4RAI6QT2S0, EventId=2, EventName=ConnectionStop 
2024-07-03 17:07:46.8282|Debug|Connection id "0HN4RAI6QT2RV" stopped. |ConnectionId=0HN4RAI6QT2RV, EventId=2, EventName=ConnectionStop 
2024-07-03 17:07:46.8282|Debug|Connection id "0HN4RAI6QT2S1" stopped. |ConnectionId=0HN4RAI6QT2S1, EventId=2, EventName=ConnectionStop 
2024-07-03 17:10:19.2539|Debug|Registered model binder providers, in the following order: Microsoft.AspNetCore.Mvc.ModelBinding.Binders.BinderTypeModelBinderProvider, Microsoft.AspNetCore.Mvc.ModelBinding.Binders.ServicesModelBinderProvider, Microsoft.AspNetCore.Mvc.ModelBinding.Binders.BodyModelBinderProvider, Microsoft.AspNetCore.Mvc.ModelBinding.Binders.HeaderModelBinderProvider, Microsoft.AspNetCore.Mvc.ModelBinding.Binders.FloatingPointTypeModelBinderProvider, Microsoft.AspNetCore.Mvc.ModelBinding.Binders.EnumTypeModelBinderProvider, Microsoft.AspNetCore.Mvc.ModelBinding.Binders.DateTimeModelBinderProvider, Microsoft.AspNetCore.Mvc.ModelBinding.Binders.SimpleTypeModelBinderProvider, Microsoft.AspNetCore.Mvc.ModelBinding.Binders.TryParseModelBinderProvider, Microsoft.AspNetCore.Mvc.ModelBinding.Binders.CancellationTokenModelBinderProvider, Microsoft.AspNetCore.Mvc.ModelBinding.Binders.ByteArrayModelBinderProvider, Microsoft.AspNetCore.Mvc.ModelBinding.Binders.FormFileModelBinderProvider, Microsoft.AspNetCore.Mvc.ModelBinding.Binders.FormCollectionModelBinderProvider, Microsoft.AspNetCore.Mvc.ModelBinding.Binders.KeyValuePairModelBinderProvider, Microsoft.AspNetCore.Mvc.ModelBinding.Binders.DictionaryModelBinderProvider, Microsoft.AspNetCore.Mvc.ModelBinding.Binders.ArrayModelBinderProvider, Microsoft.AspNetCore.Mvc.ModelBinding.Binders.CollectionModelBinderProvider, Microsoft.AspNetCore.Mvc.ModelBinding.Binders.ComplexObjectModelBinderProvider |ModelBinderProviders=Microsoft.AspNetCore.Mvc.ModelBinding.Binders.BinderTypeModelBinderProvider, Microsoft.AspNetCore.Mvc.ModelBinding.Binders.ServicesModelBinderProvider, Microsoft.AspNetCore.Mvc.ModelBinding.Binders.BodyModelBinderProvider, Microsoft.AspNetCore.Mvc.ModelBinding.Binders.HeaderModelBinderProvider, Microsoft.AspNetCore.Mvc.ModelBinding.Binders.FloatingPointTypeModelBinderProvider, Microsoft.AspNetCore.Mvc.ModelBinding.Binders.EnumTypeModelBinderProvider, Microsoft.AspNetCore.Mvc.ModelBinding.Binders.DateTimeModelBinderProvider, Microsoft.AspNetCore.Mvc.ModelBinding.Binders.SimpleTypeModelBinderProvider, Microsoft.AspNetCore.Mvc.ModelBinding.Binders.TryParseModelBinderProvider, Microsoft.AspNetCore.Mvc.ModelBinding.Binders.CancellationTokenModelBinderProvider, Microsoft.AspNetCore.Mvc.ModelBinding.Binders.ByteArrayModelBinderProvider, Microsoft.AspNetCore.Mvc.ModelBinding.Binders.FormFileModelBinderProvider, Microsoft.AspNetCore.Mvc.ModelBinding.Binders.FormCollectionModelBinderProvider, Microsoft.AspNetCore.Mvc.ModelBinding.Binders.KeyValuePairModelBinderProvider, Microsoft.AspNetCore.Mvc.ModelBinding.Binders.DictionaryModelBinderProvider, Microsoft.AspNetCore.Mvc.ModelBinding.Binders.ArrayModelBinderProvider, Microsoft.AspNetCore.Mvc.ModelBinding.Binders.CollectionModelBinderProvider, Microsoft.AspNetCore.Mvc.ModelBinding.Binders.ComplexObjectModelBinderProvider, EventId=12, EventName=RegisteredModelBinderProviders 
2024-07-03 17:10:19.3120|Debug|Hosting starting |EventId=1, EventName=Starting 
2024-07-03 17:10:19.3202|Info|User profile is available. Using 'C:\Users\Lenovo\AppData\Local\ASP.NET\DataProtection-Keys' as key repository and Windows DPAPI to encrypt keys at rest. |FullName=C:\Users\Lenovo\AppData\Local\ASP.NET\DataProtection-Keys, EventId=63, EventName=UsingProfileAsKeyRepositoryWithDPAPI 
2024-07-03 17:10:19.3202|Debug|Reading data from file 'C:\Users\Lenovo\AppData\Local\ASP.NET\DataProtection-Keys\key-0af5b98d-c919-45ff-ac6b-d1d467193aca.xml'. |FullPath=C:\Users\Lenovo\AppData\Local\ASP.NET\DataProtection-Keys\key-0af5b98d-c919-45ff-ac6b-d1d467193aca.xml, EventId=37, EventName=ReadingDataFromFile 
2024-07-03 17:10:19.3202|Debug|Reading data from file 'C:\Users\Lenovo\AppData\Local\ASP.NET\DataProtection-Keys\key-340ac79e-208a-46a2-a6ff-0a7cbb6d2714.xml'. |FullPath=C:\Users\Lenovo\AppData\Local\ASP.NET\DataProtection-Keys\key-340ac79e-208a-46a2-a6ff-0a7cbb6d2714.xml, EventId=37, EventName=ReadingDataFromFile 
2024-07-03 17:10:19.3202|Debug|Reading data from file 'C:\Users\Lenovo\AppData\Local\ASP.NET\DataProtection-Keys\key-da74334d-6e7c-4f22-b543-8bcebc34a17c.xml'. |FullPath=C:\Users\Lenovo\AppData\Local\ASP.NET\DataProtection-Keys\key-da74334d-6e7c-4f22-b543-8bcebc34a17c.xml, EventId=37, EventName=ReadingDataFromFile 
2024-07-03 17:10:19.3202|Debug|Found key {0af5b98d-c919-45ff-ac6b-d1d467193aca}. |KeyId=0af5b98d-c919-45ff-ac6b-d1d467193aca, EventId=18, EventName=FoundKey 
2024-07-03 17:10:19.3202|Debug|Found key {340ac79e-208a-46a2-a6ff-0a7cbb6d2714}. |KeyId=340ac79e-208a-46a2-a6ff-0a7cbb6d2714, EventId=18, EventName=FoundKey 
2024-07-03 17:10:19.3202|Debug|Found key {da74334d-6e7c-4f22-b543-8bcebc34a17c}. |KeyId=da74334d-6e7c-4f22-b543-8bcebc34a17c, EventId=18, EventName=FoundKey 
2024-07-03 17:10:19.3350|Debug|Considering key {da74334d-6e7c-4f22-b543-8bcebc34a17c} with expiration date 2024-09-08 08:34:53Z as default key. |KeyId=da74334d-6e7c-4f22-b543-8bcebc34a17c, ExpirationDate=09/08/2024 08:34:53 +00:00, EventId=13, EventName=ConsideringKeyWithExpirationDateAsDefaultKey 
2024-07-03 17:10:19.3350|Debug|Forwarded activator type request from Microsoft.AspNetCore.DataProtection.XmlEncryption.DpapiXmlDecryptor, Microsoft.AspNetCore.DataProtection, Version=7.0.0.0, Culture=neutral, PublicKeyToken=adb9793829ddae60 to Microsoft.AspNetCore.DataProtection.XmlEncryption.DpapiXmlDecryptor, Microsoft.AspNetCore.DataProtection, Culture=neutral, PublicKeyToken=adb9793829ddae60 |FromType=Microsoft.AspNetCore.DataProtection.XmlEncryption.DpapiXmlDecryptor, Microsoft.AspNetCore.DataProtection, Version=7.0.0.0, Culture=neutral, PublicKeyToken=adb9793829ddae60, ToType=Microsoft.AspNetCore.DataProtection.XmlEncryption.DpapiXmlDecryptor, Microsoft.AspNetCore.DataProtection, Culture=neutral, PublicKeyToken=adb9793829ddae60 
2024-07-03 17:10:19.3350|Debug|Decrypting secret element using Windows DPAPI. |EventId=51, EventName=DecryptingSecretElementUsingWindowsDPAPI 
2024-07-03 17:10:19.3350|Debug|Forwarded activator type request from Microsoft.AspNetCore.DataProtection.AuthenticatedEncryption.ConfigurationModel.AuthenticatedEncryptorDescriptorDeserializer, Microsoft.AspNetCore.DataProtection, Version=7.0.0.0, Culture=neutral, PublicKeyToken=adb9793829ddae60 to Microsoft.AspNetCore.DataProtection.AuthenticatedEncryption.ConfigurationModel.AuthenticatedEncryptorDescriptorDeserializer, Microsoft.AspNetCore.DataProtection, Culture=neutral, PublicKeyToken=adb9793829ddae60 |FromType=Microsoft.AspNetCore.DataProtection.AuthenticatedEncryption.ConfigurationModel.AuthenticatedEncryptorDescriptorDeserializer, Microsoft.AspNetCore.DataProtection, Version=7.0.0.0, Culture=neutral, PublicKeyToken=adb9793829ddae60, ToType=Microsoft.AspNetCore.DataProtection.AuthenticatedEncryption.ConfigurationModel.AuthenticatedEncryptorDescriptorDeserializer, Microsoft.AspNetCore.DataProtection, Culture=neutral, PublicKeyToken=adb9793829ddae60 
2024-07-03 17:10:19.3350|Debug|Opening CNG algorithm 'AES' from provider '(null)' with chaining mode CBC. |EncryptionAlgorithm=AES, EventId=4, EventName=OpeningCNGAlgorithmFromProviderWithChainingModeCBC 
2024-07-03 17:10:19.3350|Debug|Opening CNG algorithm 'SHA256' from provider '(null)' with HMAC. |HashAlgorithm=SHA256, EventId=3, EventName=OpeningCNGAlgorithmFromProviderWithHMAC 
2024-07-03 17:10:19.3350|Debug|Using key {da74334d-6e7c-4f22-b543-8bcebc34a17c} as the default key. |KeyId=da74334d-6e7c-4f22-b543-8bcebc34a17c, EventId=2, EventName=UsingKeyAsDefaultKey 
2024-07-03 17:10:19.3350|Debug|Key ring with default key {da74334d-6e7c-4f22-b543-8bcebc34a17c} was loaded during application startup. |KeyId=da74334d-6e7c-4f22-b543-8bcebc34a17c, EventId=65, EventName=KeyRingWasLoadedOnStartup 
2024-07-03 17:10:19.3925|Info|Now listening on: http://localhost:5255 |address=http://localhost:5255, EventId=14, EventName=ListeningOnAddress 
2024-07-03 17:10:19.3925|Debug|Loaded hosting startup assembly Fundoo |assemblyName=Fundoo, EventId=13, EventName=HostingStartupAssemblyLoaded 
2024-07-03 17:10:19.3925|Debug|Loaded hosting startup assembly Microsoft.AspNetCore.Watch.BrowserRefresh |assemblyName=Microsoft.AspNetCore.Watch.BrowserRefresh, EventId=13, EventName=HostingStartupAssemblyLoaded 
2024-07-03 17:10:19.3925|Debug|Loaded hosting startup assembly Microsoft.WebTools.BrowserLink.Net |assemblyName=Microsoft.WebTools.BrowserLink.Net, EventId=13, EventName=HostingStartupAssemblyLoaded 
2024-07-03 17:10:19.3925|Info|Application started. Press Ctrl+C to shut down. | 
2024-07-03 17:10:19.3925|Info|Hosting environment: Development |EnvName=Development 
2024-07-03 17:10:19.3925|Info|Content root path: E:\BridgeLabz\ASP.net\Fundoo\Fundoo |ContentRoot=E:\BridgeLabz\ASP.net\Fundoo\Fundoo 
2024-07-03 17:10:19.3925|Debug|Hosting started |EventId=2, EventName=Started 
2024-07-03 17:10:19.4118|Debug|Connection id "0HN4RAJL8G8HI" accepted. |ConnectionId=0HN4RAJL8G8HI, EventId=39, EventName=ConnectionAccepted 
2024-07-03 17:10:19.4118|Debug|Connection id "0HN4RAJL8G8HJ" accepted. |ConnectionId=0HN4RAJL8G8HJ, EventId=39, EventName=ConnectionAccepted 
2024-07-03 17:10:19.4118|Debug|Connection id "0HN4RAJL8G8HJ" started. |ConnectionId=0HN4RAJL8G8HJ, EventId=1, EventName=ConnectionStart 
2024-07-03 17:10:19.4118|Debug|Connection id "0HN4RAJL8G8HI" started. |ConnectionId=0HN4RAJL8G8HI, EventId=1, EventName=ConnectionStart 
2024-07-03 17:10:19.4309|Debug|Connection id "0HN4RAJL8G8HI" received FIN. |ConnectionId=0HN4RAJL8G8HI, EventId=6, EventName=ConnectionReadFin 
2024-07-03 17:10:19.4309|Debug|Connection id "0HN4RAJL8G8HJ" received FIN. |ConnectionId=0HN4RAJL8G8HJ, EventId=6, EventName=ConnectionReadFin 
2024-07-03 17:10:19.4309|Debug|Connection id "0HN4RAJL8G8HI" sending FIN because: "The Socket transport's send loop completed gracefully." |ConnectionId=0HN4RAJL8G8HI, Reason=The Socket transport's send loop completed gracefully., EventId=7, EventName=ConnectionWriteFin 
2024-07-03 17:10:19.4309|Debug|Connection id "0HN4RAJL8G8HJ" sending FIN because: "The Socket transport's send loop completed gracefully." |ConnectionId=0HN4RAJL8G8HJ, Reason=The Socket transport's send loop completed gracefully., EventId=7, EventName=ConnectionWriteFin 
2024-07-03 17:10:19.4309|Debug|Connection id "0HN4RAJL8G8HJ" disconnecting. |ConnectionId=0HN4RAJL8G8HJ, EventId=10, EventName=ConnectionDisconnect 
2024-07-03 17:10:19.4309|Debug|Connection id "0HN4RAJL8G8HI" disconnecting. |ConnectionId=0HN4RAJL8G8HI, EventId=10, EventName=ConnectionDisconnect 
2024-07-03 17:10:19.4309|Debug|Connection id "0HN4RAJL8G8HI" stopped. |ConnectionId=0HN4RAJL8G8HI, EventId=2, EventName=ConnectionStop 
2024-07-03 17:10:19.4309|Debug|Connection id "0HN4RAJL8G8HJ" stopped. |ConnectionId=0HN4RAJL8G8HJ, EventId=2, EventName=ConnectionStop 
2024-07-03 17:10:19.5094|Debug|Connection id "0HN4RAJL8G8HK" accepted. |ConnectionId=0HN4RAJL8G8HK, EventId=39, EventName=ConnectionAccepted 
2024-07-03 17:10:19.5094|Debug|Connection id "0HN4RAJL8G8HK" started. |ConnectionId=0HN4RAJL8G8HK, EventId=1, EventName=ConnectionStart 
2024-07-03 17:10:19.5094|Debug|Connection id "0HN4RAJL8G8HL" accepted. |ConnectionId=0HN4RAJL8G8HL, EventId=39, EventName=ConnectionAccepted 
2024-07-03 17:10:19.5094|Debug|Connection id "0HN4RAJL8G8HL" started. |ConnectionId=0HN4RAJL8G8HL, EventId=1, EventName=ConnectionStart 
2024-07-03 17:10:19.5292|Info|Request starting HTTP/1.1 GET http://localhost:5255/index.html - - |Protocol=HTTP/1.1, Method=GET, Scheme=http, Host=localhost:5255, Path=/index.html, EventId=1 
2024-07-03 17:10:19.5421|Debug|Wildcard detected, all requests with hosts will be allowed. | 
2024-07-03 17:10:19.5421|Trace|All hosts are allowed. |EventId=2, EventName=AllHostsAllowed 
2024-07-03 17:10:19.5585|Debug|No candidates found for the request path '/index.html' |Path=/index.html, EventId=1000, EventName=CandidatesNotFound 
2024-07-03 17:10:19.5585|Debug|Request did not match any endpoints |EventId=2, EventName=MatchFailure 
2024-07-03 17:10:19.6126|Debug|Response markup is scheduled to include browser refresh script injection. |EventId=1, EventName=SetUpResponseForBrowserRefresh 
2024-07-03 17:10:19.6644|Debug|Response markup was updated to include browser refresh script injection. |EventId=2, EventName=BrowserConfiguredForRefreshes 
2024-07-03 17:10:19.6644|Debug|Connection id "0HN4RAJL8G8HK" completed keep alive response. |ConnectionId=0HN4RAJL8G8HK, EventId=9, EventName=ConnectionKeepAlive 
2024-07-03 17:10:19.6644|Info|Request finished HTTP/1.1 GET http://localhost:5255/index.html - - - 200 - text/html;charset=utf-8 138.4693ms |ElapsedMilliseconds=138.4693, StatusCode=200, ContentType=text/html;charset=utf-8, Protocol=HTTP/1.1, Method=GET, Scheme=http, Host=localhost:5255, Path=/index.html, EventId=2 
2024-07-03 17:10:19.6879|Info|Request starting HTTP/1.1 GET http://localhost:5255/_vs/browserLink - - |Protocol=HTTP/1.1, Method=GET, Scheme=http, Host=localhost:5255, Path=/_vs/browserLink, EventId=1 
2024-07-03 17:10:19.6944|Info|Request starting HTTP/1.1 GET http://localhost:5255/_framework/aspnetcore-browser-refresh.js - - |Protocol=HTTP/1.1, Method=GET, Scheme=http, Host=localhost:5255, Path=/_framework/aspnetcore-browser-refresh.js, EventId=1 
2024-07-03 17:10:19.6944|Debug|Connection id "0HN4RAJL8G8HL" completed keep alive response. |ConnectionId=0HN4RAJL8G8HL, EventId=9, EventName=ConnectionKeepAlive 
2024-07-03 17:10:19.6944|Info|Request finished HTTP/1.1 GET http://localhost:5255/_framework/aspnetcore-browser-refresh.js - - - 200 12344 application/javascript;+charset=utf-8 2.5639ms |ElapsedMilliseconds=2.5639, StatusCode=200, ContentType=application/javascript; charset=utf-8, ContentLength=12344, Protocol=HTTP/1.1, Method=GET, Scheme=http, Host=localhost:5255, Path=/_framework/aspnetcore-browser-refresh.js, EventId=2 
2024-07-03 17:10:19.6944|Debug|Connection id "0HN4RAJL8G8HK" completed keep alive response. |ConnectionId=0HN4RAJL8G8HK, EventId=9, EventName=ConnectionKeepAlive 
2024-07-03 17:10:19.6944|Info|Request finished HTTP/1.1 GET http://localhost:5255/_vs/browserLink - - - 200 - text/javascript;+charset=UTF-8 16.9449ms |ElapsedMilliseconds=16.9449, StatusCode=200, ContentType=text/javascript; charset=UTF-8, Protocol=HTTP/1.1, Method=GET, Scheme=http, Host=localhost:5255, Path=/_vs/browserLink, EventId=2 
2024-07-03 17:10:19.8469|Info|Request starting HTTP/1.1 GET http://localhost:5255/swagger/v1/swagger.json - - |Protocol=HTTP/1.1, Method=GET, Scheme=http, Host=localhost:5255, Path=/swagger/v1/swagger.json, EventId=1 
2024-07-03 17:10:19.8469|Trace|All hosts are allowed. |EventId=2, EventName=AllHostsAllowed 
2024-07-03 17:10:19.8469|Debug|No candidates found for the request path '/swagger/v1/swagger.json' |Path=/swagger/v1/swagger.json, EventId=1000, EventName=CandidatesNotFound 
2024-07-03 17:10:19.8469|Debug|Request did not match any endpoints |EventId=2, EventName=MatchFailure 
2024-07-03 17:10:19.8604|Info|Request starting HTTP/1.1 GET http://localhost:5255/favicon-32x32.png - - |Protocol=HTTP/1.1, Method=GET, Scheme=http, Host=localhost:5255, Path=/favicon-32x32.png, EventId=1 
2024-07-03 17:10:19.8604|Trace|All hosts are allowed. |EventId=2, EventName=AllHostsAllowed 
2024-07-03 17:10:19.8604|Debug|No candidates found for the request path '/favicon-32x32.png' |Path=/favicon-32x32.png, EventId=1000, EventName=CandidatesNotFound 
2024-07-03 17:10:19.8604|Debug|Request did not match any endpoints |EventId=2, EventName=MatchFailure 
2024-07-03 17:10:19.8773|Trace|Range header's value is empty. | 
2024-07-03 17:10:19.8773|Info|The file /favicon-32x32.png was not modified |Path=/favicon-32x32.png, EventId=6, EventName=FileNotModified 
2024-07-03 17:10:19.8809|Debug|Handled. Status code: 304 File: /favicon-32x32.png |StatusCode=304, Path=/favicon-32x32.png, EventId=8, EventName=Handled 
2024-07-03 17:10:19.8809|Debug|Connection id "0HN4RAJL8G8HL" completed keep alive response. |ConnectionId=0HN4RAJL8G8HL, EventId=9, EventName=ConnectionKeepAlive 
2024-07-03 17:10:19.8809|Info|Request finished HTTP/1.1 GET http://localhost:5255/favicon-32x32.png - - - 304 - image/png 21.2982ms |ElapsedMilliseconds=21.2982, StatusCode=304, ContentType=image/png, Protocol=HTTP/1.1, Method=GET, Scheme=http, Host=localhost:5255, Path=/favicon-32x32.png, EventId=2 
2024-07-03 17:10:19.9950|Debug|Connection id "0HN4RAJL8G8HK" completed keep alive response. |ConnectionId=0HN4RAJL8G8HK, EventId=9, EventName=ConnectionKeepAlive 
2024-07-03 17:10:19.9950|Info|Request finished HTTP/1.1 GET http://localhost:5255/swagger/v1/swagger.json - - - 200 - application/json;charset=utf-8 148.4558ms |ElapsedMilliseconds=148.4558, StatusCode=200, ContentType=application/json;charset=utf-8, Protocol=HTTP/1.1, Method=GET, Scheme=http, Host=localhost:5255, Path=/swagger/v1/swagger.json, EventId=2 
2024-07-03 17:10:27.0874|Debug|Connection id "0HN4RAJL8G8HL" received FIN. |ConnectionId=0HN4RAJL8G8HL, EventId=6, EventName=ConnectionReadFin 
2024-07-03 17:10:27.0874|Debug|Connection id "0HN4RAJL8G8HK" received FIN. |ConnectionId=0HN4RAJL8G8HK, EventId=6, EventName=ConnectionReadFin 
2024-07-03 17:10:27.0874|Debug|Connection id "0HN4RAJL8G8HL" sending FIN because: "The Socket transport's send loop completed gracefully." |ConnectionId=0HN4RAJL8G8HL, Reason=The Socket transport's send loop completed gracefully., EventId=7, EventName=ConnectionWriteFin 
2024-07-03 17:10:27.0874|Debug|Connection id "0HN4RAJL8G8HK" sending FIN because: "The Socket transport's send loop completed gracefully." |ConnectionId=0HN4RAJL8G8HK, Reason=The Socket transport's send loop completed gracefully., EventId=7, EventName=ConnectionWriteFin 
2024-07-03 17:10:27.0874|Debug|Connection id "0HN4RAJL8G8HL" disconnecting. |ConnectionId=0HN4RAJL8G8HL, EventId=10, EventName=ConnectionDisconnect 
2024-07-03 17:10:27.0874|Debug|Connection id "0HN4RAJL8G8HK" disconnecting. |ConnectionId=0HN4RAJL8G8HK, EventId=10, EventName=ConnectionDisconnect 
2024-07-03 17:10:27.0874|Debug|Connection id "0HN4RAJL8G8HK" stopped. |ConnectionId=0HN4RAJL8G8HK, EventId=2, EventName=ConnectionStop 
2024-07-03 17:10:27.1025|Debug|Connection id "0HN4RAJL8G8HL" stopped. |ConnectionId=0HN4RAJL8G8HL, EventId=2, EventName=ConnectionStop 
2024-07-03 17:10:56.9735|Debug|Connection id "0HN4RAJL8G8HM" accepted. |ConnectionId=0HN4RAJL8G8HM, EventId=39, EventName=ConnectionAccepted 
2024-07-03 17:10:56.9735|Debug|Connection id "0HN4RAJL8G8HM" started. |ConnectionId=0HN4RAJL8G8HM, EventId=1, EventName=ConnectionStart 
2024-07-03 17:10:56.9735|Info|Request starting HTTP/1.1 POST http://localhost:5255/api/User/Login application/json 67 |Protocol=HTTP/1.1, Method=POST, ContentType=application/json, ContentLength=67, Scheme=http, Host=localhost:5255, Path=/api/User/Login, EventId=1 
2024-07-03 17:10:56.9735|Trace|All hosts are allowed. |EventId=2, EventName=AllHostsAllowed 
2024-07-03 17:10:56.9735|Debug|1 candidate(s) found for the request path '/api/User/Login' |CandidateCount=1, Path=/api/User/Login, EventId=1001, EventName=CandidatesFound 
2024-07-03 17:10:56.9735|Debug|Endpoint 'Fundoo.Controllers.UserController.LoginUser (Fundoo)' with route pattern 'api/User/Login' is valid for the request path '/api/User/Login' |Endpoint=Fundoo.Controllers.UserController.LoginUser (Fundoo), RoutePattern=api/User/Login, Path=/api/User/Login, EventId=1005, EventName=CandidateValid 
2024-07-03 17:10:56.9735|Debug|Request matched endpoint 'Fundoo.Controllers.UserController.LoginUser (Fundoo)' |EndpointName=Fundoo.Controllers.UserController.LoginUser (Fundoo), EventId=1, EventName=MatchSuccess 
2024-07-03 17:10:56.9735|Debug|Static files was skipped as the request already matched an endpoint. |EventId=15, EventName=EndpointMatched 
2024-07-03 17:10:57.8457|Debug|AuthenticationScheme: Bearer was not authenticated. |AuthenticationScheme=Bearer, EventId=9, EventName=AuthenticationSchemeNotAuthenticated 
2024-07-03 17:10:57.8457|Debug|The request has an origin header: 'http://localhost:5255'. |origin=http://localhost:5255, EventId=2, EventName=RequestHasOriginHeader 
2024-07-03 17:10:57.8457|Info|CORS policy execution failed. |EventId=5, EventName=PolicyFailure 
2024-07-03 17:10:57.8457|Info|Request origin http://localhost:5255 does not have permission to access the resource. |origin=http://localhost:5255, EventId=6, EventName=OriginNotAllowed 
2024-07-03 17:10:57.8528|Debug|The request has an origin header: 'http://localhost:5255'. |origin=http://localhost:5255, EventId=2, EventName=RequestHasOriginHeader 
2024-07-03 17:10:57.8528|Info|CORS policy execution successful. |EventId=4, EventName=PolicySuccess 
2024-07-03 17:10:57.8528|Trace|Performing protect operation to key {da74334d-6e7c-4f22-b543-8bcebc34a17c} with purposes ('E:\BridgeLabz\ASP.net\Fundoo\Fundoo\', 'SessionMiddleware'). |KeyId=da74334d-6e7c-4f22-b543-8bcebc34a17c, Purposes=('E:\BridgeLabz\ASP.net\Fundoo\Fundoo\', 'SessionMiddleware'), EventId=31, EventName=PerformingProtectOperationToKeyWithPurposes 
2024-07-03 17:10:57.8528|Info|Executing endpoint 'Fundoo.Controllers.UserController.LoginUser (Fundoo)' |EndpointName=Fundoo.Controllers.UserController.LoginUser (Fundoo) 
2024-07-03 17:10:57.8967|Info|Route matched with {action = "LoginUser", controller = "User"}. Executing controller action with signature Microsoft.AspNetCore.Mvc.ActionResult LoginUser(ModelLayer.UserLoginModel) on controller Fundoo.Controllers.UserController (Fundoo). |RouteData={action = "LoginUser", controller = "User"}, MethodInfo=Microsoft.AspNetCore.Mvc.ActionResult LoginUser(ModelLayer.UserLoginModel), Controller=Fundoo.Controllers.UserController, AssemblyName=Fundoo, EventId=102, EventName=ControllerActionExecuting 
2024-07-03 17:10:57.8967|Debug|Execution plan of authorization filters (in the following order): None |FilterType=authorization, Filters="None", EventId=1, EventName=FilterExecutionPlan 
2024-07-03 17:10:57.8967|Debug|Execution plan of resource filters (in the following order): None |FilterType=resource, Filters="None", EventId=1, EventName=FilterExecutionPlan 
2024-07-03 17:10:57.8993|Debug|Execution plan of action filters (in the following order): Microsoft.AspNetCore.Mvc.ModelBinding.UnsupportedContentTypeFilter (Order: -3000), Microsoft.AspNetCore.Mvc.Infrastructure.ModelStateInvalidFilter (Order: -2000) |FilterType=action, Filters="Microsoft.AspNetCore.Mvc.ModelBinding.UnsupportedContentTypeFilter (Order: -3000)", "Microsoft.AspNetCore.Mvc.Infrastructure.ModelStateInvalidFilter (Order: -2000)", EventId=1, EventName=FilterExecutionPlan 
2024-07-03 17:10:57.8993|Debug|Execution plan of exception filters (in the following order): None |FilterType=exception, Filters="None", EventId=1, EventName=FilterExecutionPlan 
2024-07-03 17:10:57.8993|Debug|Execution plan of result filters (in the following order): Microsoft.AspNetCore.Mvc.Infrastructure.ClientErrorResultFilter (Order: -2000) |FilterType=result, Filters="Microsoft.AspNetCore.Mvc.Infrastructure.ClientErrorResultFilter (Order: -2000)", EventId=1, EventName=FilterExecutionPlan 
2024-07-03 17:10:57.8993|Debug|Executing controller factory for controller Fundoo.Controllers.UserController (Fundoo) |Controller=Fundoo.Controllers.UserController, AssemblyName=Fundoo, EventId=1, EventName=ControllerFactoryExecuting 
2024-07-03 17:10:58.4335|Debug|An 'IServiceProvider' was created for internal use by Entity Framework. |EventId=10401, EventName=Microsoft.EntityFrameworkCore.Infrastructure.ServiceProviderCreated 
2024-07-03 17:10:58.4572|Debug|Executed controller factory for controller Fundoo.Controllers.UserController (Fundoo) |Controller=Fundoo.Controllers.UserController, AssemblyName=Fundoo, EventId=2, EventName=ControllerFactoryExecuted 
2024-07-03 17:10:58.4572|Debug|Attempting to bind parameter 'userLoginModel' of type 'ModelLayer.UserLoginModel' ... |ParameterName=userLoginModel, ModelType=ModelLayer.UserLoginModel, EventId=22, EventName=AttemptingToBindParameter 
2024-07-03 17:10:58.4572|Debug|Attempting to bind parameter 'userLoginModel' of type 'ModelLayer.UserLoginModel' using the name '' in request data ... |ParameterName=userLoginModel, ModelType=ModelLayer.UserLoginModel, EventId=44, EventName=AttemptingToBindParameterModel 
2024-07-03 17:10:58.4572|Debug|Selected input formatter 'Microsoft.AspNetCore.Mvc.Formatters.SystemTextJsonInputFormatter' for content type 'application/json'. |InputFormatter=Microsoft.AspNetCore.Mvc.Formatters.SystemTextJsonInputFormatter, ContentType=application/json, EventId=1, EventName=InputFormatterSelected 
2024-07-03 17:10:58.4775|Debug|Connection id "0HN4RAJL8G8HM", Request id "0HN4RAJL8G8HM:00000001": started reading request body. |ConnectionId=0HN4RAJL8G8HM, TraceIdentifier=0HN4RAJL8G8HM:00000001, EventId=25, EventName=RequestBodyStart 
2024-07-03 17:10:58.4775|Debug|Connection id "0HN4RAJL8G8HM", Request id "0HN4RAJL8G8HM:00000001": done reading request body. |ConnectionId=0HN4RAJL8G8HM, TraceIdentifier=0HN4RAJL8G8HM:00000001, EventId=26, EventName=RequestBodyDone 
2024-07-03 17:10:58.4846|Debug|JSON input formatter succeeded, deserializing to type 'ModelLayer.UserLoginModel' |TypeName=ModelLayer.UserLoginModel, EventId=2, EventName=SystemTextJsonInputSuccess 
2024-07-03 17:10:58.4846|Debug|Done attempting to bind parameter 'userLoginModel' of type 'ModelLayer.UserLoginModel'. |ParameterName=userLoginModel, ModelType=ModelLayer.UserLoginModel, EventId=45, EventName=DoneAttemptingToBindParameterModel 
2024-07-03 17:10:58.4846|Debug|Done attempting to bind parameter 'userLoginModel' of type 'ModelLayer.UserLoginModel'. |ParameterName=userLoginModel, ModelType=ModelLayer.UserLoginModel, EventId=23, EventName=DoneAttemptingToBindParameter 
2024-07-03 17:10:58.4846|Debug|Attempting to validate the bound parameter 'userLoginModel' of type 'ModelLayer.UserLoginModel' ... |ParameterName=userLoginModel, ModelType=ModelLayer.UserLoginModel, EventId=26, EventName=AttemptingToValidateParameter 
2024-07-03 17:10:58.4846|Debug|Done attempting to validate the bound parameter 'userLoginModel' of type 'ModelLayer.UserLoginModel'. |ParameterName=userLoginModel, ModelType=ModelLayer.UserLoginModel, EventId=27, EventName=DoneAttemptingToValidateParameter 
2024-07-03 17:10:58.4846|Trace|Action Filter: Before executing OnActionExecuting on filter Microsoft.AspNetCore.Mvc.ModelBinding.UnsupportedContentTypeFilter. |FilterType=Action Filter, Method=OnActionExecuting, Filter=Microsoft.AspNetCore.Mvc.ModelBinding.UnsupportedContentTypeFilter, EventId=52, EventName=BeforeExecutingMethodOnFilter 
2024-07-03 17:10:58.4846|Trace|Action Filter: After executing OnActionExecuting on filter Microsoft.AspNetCore.Mvc.ModelBinding.UnsupportedContentTypeFilter. |FilterType=Action Filter, Method=OnActionExecuting, Filter=Microsoft.AspNetCore.Mvc.ModelBinding.UnsupportedContentTypeFilter, EventId=53, EventName=AfterExecutingMethodOnFilter 
2024-07-03 17:10:58.4846|Trace|Action Filter: Before executing OnActionExecuting on filter Microsoft.AspNetCore.Mvc.Infrastructure.ModelStateInvalidFilter. |FilterType=Action Filter, Method=OnActionExecuting, Filter=Microsoft.AspNetCore.Mvc.Infrastructure.ModelStateInvalidFilter, EventId=52, EventName=BeforeExecutingMethodOnFilter 
2024-07-03 17:10:58.4846|Trace|Action Filter: After executing OnActionExecuting on filter Microsoft.AspNetCore.Mvc.Infrastructure.ModelStateInvalidFilter. |FilterType=Action Filter, Method=OnActionExecuting, Filter=Microsoft.AspNetCore.Mvc.Infrastructure.ModelStateInvalidFilter, EventId=53, EventName=AfterExecutingMethodOnFilter 
2024-07-03 17:10:58.5004|Info|Executing action method Fundoo.Controllers.UserController.LoginUser (Fundoo) - Validation state: Valid |ActionName=Fundoo.Controllers.UserController.LoginUser (Fundoo), ValidationState=Valid, EventId=101, EventName=ActionMethodExecuting 
2024-07-03 17:10:58.5004|Trace|Executing action method Fundoo.Controllers.UserController.LoginUser (Fundoo) with arguments (ModelLayer.UserLoginModel) |ActionName=Fundoo.Controllers.UserController.LoginUser (Fundoo), Arguments="ModelLayer.UserLoginModel", EventId=102, EventName=ActionMethodExecutingWithArguments 
2024-07-03 17:10:58.9321|Debug|The index {'noteId'} was not created on entity type 'NoteLabel' as the properties are already covered by the index {'noteId', 'labelId'}. |redundantIndexProperties={'noteId'}, firstEntityType=NoteLabel, otherIndexProperties={'noteId', 'labelId'}, EventId=10601, EventName=Microsoft.EntityFrameworkCore.Model.RedundantIndexRemoved 
2024-07-03 17:10:59.1820|Debug|Entity Framework Core 7.0.20 initialized 'FundooContext' using provider 'Microsoft.EntityFrameworkCore.SqlServer:7.0.20' with options: None |version=7.0.20, contextType=FundooContext, provider=Microsoft.EntityFrameworkCore.SqlServer, providerVersion=7.0.20, options=None, EventId=10403, EventName=Microsoft.EntityFrameworkCore.Infrastructure.ContextInitialized 
2024-07-03 17:10:59.2295|Debug|Compiling query expression: 
'DbSet<User>()
    .Where(user => user.Email.Equals(__loginModel_Email_0))
    .FirstOrDefault()' |newline=
, queryExpression=DbSet<User>()
    .Where(user => user.Email.Equals(__loginModel_Email_0))
    .FirstOrDefault(), EventId=10111, EventName=Microsoft.EntityFrameworkCore.Query.QueryCompilationStarting 
2024-07-03 17:10:59.3725|Debug|Generated query execution expression: 
'queryContext => new SingleQueryingEnumerable<User>(
    (RelationalQueryContext)queryContext, 
    RelationalCommandCache.QueryExpression(
        Projection Mapping:
            EmptyProjectionMember -> Dictionary<IProperty, int> { [Property: User.Id (int) Required PK AfterSave:Throw ValueGenerated.OnAdd, 0], [Property: User.BirthDate (string) Required, 1], [Property: User.Email (string) Required, 2], [Property: User.FirstName (string) Required, 3], [Property: User.LastName (string) MaxLength(50), 4], [Property: User.Password (string) Required, 5], [Property: User.Phone (string) Required, 6] }
        SELECT TOP(1) u.Id, u.BirthDate, u.Email, u.FirstName, u.LastName, u.Password, u.Phone
        FROM users AS u
        WHERE u.Email == @__loginModel_Email_0), 
    null, 
    Func<QueryContext, DbDataReader, ResultContext, SingleQueryResultCoordinator, User>, 
    RepositoryLayer.Context.FundooContext, 
    False, 
    False, 
    True
)
    .SingleOrDefault()' |newline=
, plan=queryContext => new SingleQueryingEnumerable<User>(
    (RelationalQueryContext)queryContext, 
    RelationalCommandCache.QueryExpression(
        Projection Mapping:
            EmptyProjectionMember -> Dictionary<IProperty, int> { [Property: User.Id (int) Required PK AfterSave:Throw ValueGenerated.OnAdd, 0], [Property: User.BirthDate (string) Required, 1], [Property: User.Email (string) Required, 2], [Property: User.FirstName (string) Required, 3], [Property: User.LastName (string) MaxLength(50), 4], [Property: User.Password (string) Required, 5], [Property: User.Phone (string) Required, 6] }
        SELECT TOP(1) u.Id, u.BirthDate, u.Email, u.FirstName, u.LastName, u.Password, u.Phone
        FROM users AS u
        WHERE u.Email == @__loginModel_Email_0), 
    null, 
    Func<QueryContext, DbDataReader, ResultContext, SingleQueryResultCoordinator, User>, 
    RepositoryLayer.Context.FundooContext, 
    False, 
    False, 
    True
)
    .SingleOrDefault(), EventId=10107, EventName=Microsoft.EntityFrameworkCore.Query.QueryExecutionPlanned 
2024-07-03 17:10:59.3952|Debug|Creating DbCommand for 'ExecuteReader'. |executionType=ExecuteReader, EventId=20103, EventName=Microsoft.EntityFrameworkCore.Database.Command.CommandCreating 
2024-07-03 17:10:59.3952|Debug|Creating DbConnection. |EventId=20005, EventName=Microsoft.EntityFrameworkCore.Database.Connection.ConnectionCreating 
2024-07-03 17:10:59.4115|Debug|Created DbConnection. (12ms). |elapsed=12, EventId=20006, EventName=Microsoft.EntityFrameworkCore.Database.Connection.ConnectionCreated 
2024-07-03 17:10:59.4173|Debug|Created DbCommand for 'ExecuteReader' (20ms). |executionType=ExecuteReader, elapsed=20, EventId=20104, EventName=Microsoft.EntityFrameworkCore.Database.Command.CommandCreated 
2024-07-03 17:10:59.4173|Debug|Initialized DbCommand for 'ExecuteReader' (28ms). |executionType=ExecuteReader, elapsed=28, EventId=20106, EventName=Microsoft.EntityFrameworkCore.Database.Command.CommandInitialized 
2024-07-03 17:10:59.4173|Debug|Opening connection to database 'Fundoo' on server '(localdb)\MSSQLLocalDB'. |database=Fundoo, server=(localdb)\MSSQLLocalDB, EventId=20000, EventName=Microsoft.EntityFrameworkCore.Database.Connection.ConnectionOpening 
2024-07-03 17:11:01.3006|Debug|Opened connection to database 'Fundoo' on server '(localdb)\MSSQLLocalDB'. |database=Fundoo, server=(localdb)\MSSQLLocalDB, EventId=20001, EventName=Microsoft.EntityFrameworkCore.Database.Connection.ConnectionOpened 
2024-07-03 17:11:01.3315|Debug|Executing DbCommand [Parameters=[@__loginModel_Email_0='?' (Size = 4000)], CommandType='Text', CommandTimeout='30']
SELECT TOP(1) [u].[Id], [u].[BirthDate], [u].[Email], [u].[FirstName], [u].[LastName], [u].[Password], [u].[Phone]
FROM [users] AS [u]
WHERE [u].[Email] = @__loginModel_Email_0 |parameters=@__loginModel_Email_0='?' (Size = 4000), commandType=Text, commandTimeout=30, newLine=
, commandText=SELECT TOP(1) [u].[Id], [u].[BirthDate], [u].[Email], [u].[FirstName], [u].[LastName], [u].[Password], [u].[Phone]
FROM [users] AS [u]
WHERE [u].[Email] = @__loginModel_Email_0, EventId=20100, EventName=Microsoft.EntityFrameworkCore.Database.Command.CommandExecuting 
2024-07-03 17:11:01.4661|Info|Executed DbCommand (144ms) [Parameters=[@__loginModel_Email_0='?' (Size = 4000)], CommandType='Text', CommandTimeout='30']
SELECT TOP(1) [u].[Id], [u].[BirthDate], [u].[Email], [u].[FirstName], [u].[LastName], [u].[Password], [u].[Phone]
FROM [users] AS [u]
WHERE [u].[Email] = @__loginModel_Email_0 |elapsed=144, parameters=@__loginModel_Email_0='?' (Size = 4000), commandType=Text, commandTimeout=30, newLine=
, commandText=SELECT TOP(1) [u].[Id], [u].[BirthDate], [u].[Email], [u].[FirstName], [u].[LastName], [u].[Password], [u].[Phone]
FROM [users] AS [u]
WHERE [u].[Email] = @__loginModel_Email_0, EventId=20101, EventName=Microsoft.EntityFrameworkCore.Database.Command.CommandExecuted 
2024-07-03 17:11:01.5207|Debug|Context 'FundooContext' started tracking 'User' entity. Consider using 'DbContextOptionsBuilder.EnableSensitiveDataLogging' to see key values. |contextType=FundooContext, entityType=User, EventId=10806, EventName=Microsoft.EntityFrameworkCore.ChangeTracking.StartedTracking 
2024-07-03 17:11:01.5519|Debug|Closing data reader to 'Fundoo' on server '(localdb)\MSSQLLocalDB'. |database=Fundoo, server=(localdb)\MSSQLLocalDB, EventId=20301, EventName=Microsoft.EntityFrameworkCore.Database.Command.DataReaderClosing 
2024-07-03 17:11:01.5519|Debug|A data reader for 'Fundoo' on server '(localdb)\MSSQLLocalDB' is being disposed after spending 87ms reading results. |database=Fundoo, server=(localdb)\MSSQLLocalDB, elapsed=87, EventId=20300, EventName=Microsoft.EntityFrameworkCore.Database.Command.DataReaderDisposing 
2024-07-03 17:11:01.5519|Debug|Closing connection to database 'Fundoo' on server '(localdb)\MSSQLLocalDB'. |database=Fundoo, server=(localdb)\MSSQLLocalDB, EventId=20002, EventName=Microsoft.EntityFrameworkCore.Database.Connection.ConnectionClosing 
2024-07-03 17:11:01.5685|Debug|Closed connection to database 'Fundoo' on server '(localdb)\MSSQLLocalDB' (5ms). |database=Fundoo, server=(localdb)\MSSQLLocalDB, elapsed=5, EventId=20003, EventName=Microsoft.EntityFrameworkCore.Database.Connection.ConnectionClosed 
2024-07-03 17:11:02.3118|Info|User logged in successful with email: rohitpagar133@gmail.com | 
2024-07-03 17:11:02.3118|Info|Executed action method Fundoo.Controllers.UserController.LoginUser (Fundoo), returned result Microsoft.AspNetCore.Mvc.ObjectResult in 3809.5749ms. |ActionName=Fundoo.Controllers.UserController.LoginUser (Fundoo), ActionResult=Microsoft.AspNetCore.Mvc.ObjectResult, ElapsedMilliseconds=3809.5749, EventId=103, EventName=ActionMethodExecuted 
2024-07-03 17:11:02.3118|Trace|Action Filter: Before executing OnActionExecuted on filter Microsoft.AspNetCore.Mvc.Infrastructure.ModelStateInvalidFilter. |FilterType=Action Filter, Method=OnActionExecuted, Filter=Microsoft.AspNetCore.Mvc.Infrastructure.ModelStateInvalidFilter, EventId=52, EventName=BeforeExecutingMethodOnFilter 
2024-07-03 17:11:02.3118|Trace|Action Filter: After executing OnActionExecuted on filter Microsoft.AspNetCore.Mvc.Infrastructure.ModelStateInvalidFilter. |FilterType=Action Filter, Method=OnActionExecuted, Filter=Microsoft.AspNetCore.Mvc.Infrastructure.ModelStateInvalidFilter, EventId=53, EventName=AfterExecutingMethodOnFilter 
2024-07-03 17:11:02.3118|Trace|Action Filter: Before executing OnActionExecuted on filter Microsoft.AspNetCore.Mvc.ModelBinding.UnsupportedContentTypeFilter. |FilterType=Action Filter, Method=OnActionExecuted, Filter=Microsoft.AspNetCore.Mvc.ModelBinding.UnsupportedContentTypeFilter, EventId=52, EventName=BeforeExecutingMethodOnFilter 
2024-07-03 17:11:02.3118|Trace|Action Filter: After executing OnActionExecuted on filter Microsoft.AspNetCore.Mvc.ModelBinding.UnsupportedContentTypeFilter. |FilterType=Action Filter, Method=OnActionExecuted, Filter=Microsoft.AspNetCore.Mvc.ModelBinding.UnsupportedContentTypeFilter, EventId=53, EventName=AfterExecutingMethodOnFilter 
2024-07-03 17:11:02.3118|Trace|Result Filter: Before executing OnResultExecuting on filter Microsoft.AspNetCore.Mvc.Infrastructure.ClientErrorResultFilter. |FilterType=Result Filter, Method=OnResultExecuting, Filter=Microsoft.AspNetCore.Mvc.Infrastructure.ClientErrorResultFilter, EventId=52, EventName=BeforeExecutingMethodOnFilter 
2024-07-03 17:11:02.3118|Trace|Result Filter: After executing OnResultExecuting on filter Microsoft.AspNetCore.Mvc.Infrastructure.ClientErrorResultFilter. |FilterType=Result Filter, Method=OnResultExecuting, Filter=Microsoft.AspNetCore.Mvc.Infrastructure.ClientErrorResultFilter, EventId=53, EventName=AfterExecutingMethodOnFilter 
2024-07-03 17:11:02.3118|Trace|Before executing action result Microsoft.AspNetCore.Mvc.ObjectResult. |ActionResult=Microsoft.AspNetCore.Mvc.ObjectResult, EventId=5, EventName=BeforeExecutingActionResult 
2024-07-03 17:11:02.3189|Debug|List of registered output formatters, in the following order: Microsoft.AspNetCore.Mvc.Formatters.HttpNoContentOutputFormatter, Microsoft.AspNetCore.Mvc.Formatters.StringOutputFormatter, Microsoft.AspNetCore.Mvc.Formatters.StreamOutputFormatter, Microsoft.AspNetCore.Mvc.Formatters.SystemTextJsonOutputFormatter |OutputFormatters=Microsoft.AspNetCore.Mvc.Formatters.HttpNoContentOutputFormatter, Microsoft.AspNetCore.Mvc.Formatters.StringOutputFormatter, Microsoft.AspNetCore.Mvc.Formatters.StreamOutputFormatter, Microsoft.AspNetCore.Mvc.Formatters.SystemTextJsonOutputFormatter, EventId=11, EventName=RegisteredOutputFormatters 
2024-07-03 17:11:02.3189|Debug|No information found on request to perform content negotiation. |EventId=4, EventName=NoAcceptForNegotiation 
2024-07-03 17:11:02.3189|Debug|Attempting to select an output formatter without using a content type as no explicit content types were specified for the response. |EventId=8, EventName=SelectingOutputFormatterWithoutUsingContentTypes 
2024-07-03 17:11:02.3189|Debug|Attempting to select the first formatter in the output formatters list which can write the result. |EventId=10, EventName=SelectingFirstCanWriteFormatter 
2024-07-03 17:11:02.3189|Debug|Selected output formatter 'Microsoft.AspNetCore.Mvc.Formatters.SystemTextJsonOutputFormatter' and content type 'application/json' to write the response. |OutputFormatter=Microsoft.AspNetCore.Mvc.Formatters.SystemTextJsonOutputFormatter, ContentType=application/json, EventId=2, EventName=FormatterSelected 
2024-07-03 17:11:02.3189|Info|Executing ObjectResult, writing value of type 'ModelLayer.ResponseML'. |ObjectResultType=ObjectResult, Type=ModelLayer.ResponseML, EventId=1, EventName=ObjectResultExecuting 
2024-07-03 17:11:02.3189|Trace|After executing action result Microsoft.AspNetCore.Mvc.ObjectResult. |ActionResult=Microsoft.AspNetCore.Mvc.ObjectResult, EventId=6, EventName=AfterExecutingActionResult 
2024-07-03 17:11:02.3189|Trace|Result Filter: Before executing OnResultExecuted on filter Microsoft.AspNetCore.Mvc.Infrastructure.ClientErrorResultFilter. |FilterType=Result Filter, Method=OnResultExecuted, Filter=Microsoft.AspNetCore.Mvc.Infrastructure.ClientErrorResultFilter, EventId=52, EventName=BeforeExecutingMethodOnFilter 
2024-07-03 17:11:02.3189|Trace|Result Filter: After executing OnResultExecuted on filter Microsoft.AspNetCore.Mvc.Infrastructure.ClientErrorResultFilter. |FilterType=Result Filter, Method=OnResultExecuted, Filter=Microsoft.AspNetCore.Mvc.Infrastructure.ClientErrorResultFilter, EventId=53, EventName=AfterExecutingMethodOnFilter 
2024-07-03 17:11:02.3347|Info|Executed action Fundoo.Controllers.UserController.LoginUser (Fundoo) in 4431.3472ms |ActionName=Fundoo.Controllers.UserController.LoginUser (Fundoo), ElapsedMilliseconds=4431.3472, EventId=105, EventName=ActionExecuted 
2024-07-03 17:11:02.3347|Info|Executed endpoint 'Fundoo.Controllers.UserController.LoginUser (Fundoo)' |EndpointName=Fundoo.Controllers.UserController.LoginUser (Fundoo), EventId=1, EventName=ExecutedEndpoint 
2024-07-03 17:11:02.3347|Info|Session started; Key:e86f55fe-19f3-566f-57e7-906349d2ec7b, Id:a0cc069b-5ea4-a3d0-238b-88c802344253 |sessionKey=e86f55fe-19f3-566f-57e7-906349d2ec7b, sessionId=a0cc069b-5ea4-a3d0-238b-88c802344253, EventId=3, EventName=SessionStarted 
2024-07-03 17:11:02.3538|Debug|Session stored; Key:e86f55fe-19f3-566f-57e7-906349d2ec7b, Id:a0cc069b-5ea4-a3d0-238b-88c802344253, Count:1 |sessionKey=e86f55fe-19f3-566f-57e7-906349d2ec7b, sessionId=a0cc069b-5ea4-a3d0-238b-88c802344253, count=1, EventId=5, EventName=SessionStored 
2024-07-03 17:11:02.3538|Debug|Connection id "0HN4RAJL8G8HM" completed keep alive response. |ConnectionId=0HN4RAJL8G8HM, EventId=9, EventName=ConnectionKeepAlive 
2024-07-03 17:11:02.3538|Debug|'FundooContext' disposed. |contextType=FundooContext, EventId=10407, EventName=Microsoft.EntityFrameworkCore.Infrastructure.ContextDisposed 
2024-07-03 17:11:02.3722|Debug|Disposing connection to database 'Fundoo' on server '(localdb)\MSSQLLocalDB'. |database=Fundoo, server=(localdb)\MSSQLLocalDB, EventId=20007, EventName=Microsoft.EntityFrameworkCore.Database.Connection.ConnectionDisposing 
2024-07-03 17:11:02.3722|Debug|Disposed connection to database '' on server '' (1ms). |elapsed=1, EventId=20008, EventName=Microsoft.EntityFrameworkCore.Database.Connection.ConnectionDisposed 
2024-07-03 17:11:02.3722|Info|Request finished HTTP/1.1 POST http://localhost:5255/api/User/Login application/json 67 - 200 - application/json;+charset=utf-8 5400.2073ms |ElapsedMilliseconds=5400.2073, StatusCode=200, ContentType=application/json; charset=utf-8, Protocol=HTTP/1.1, Method=POST, Scheme=http, Host=localhost:5255, Path=/api/User/Login, EventId=2 
2024-07-03 17:11:07.1421|Debug|Connection id "0HN4RAJL8G8HM" received FIN. |ConnectionId=0HN4RAJL8G8HM, EventId=6, EventName=ConnectionReadFin 
2024-07-03 17:11:07.1421|Debug|Connection id "0HN4RAJL8G8HM" sending FIN because: "The Socket transport's send loop completed gracefully." |ConnectionId=0HN4RAJL8G8HM, Reason=The Socket transport's send loop completed gracefully., EventId=7, EventName=ConnectionWriteFin 
2024-07-03 17:11:07.1421|Debug|Connection id "0HN4RAJL8G8HM" disconnecting. |ConnectionId=0HN4RAJL8G8HM, EventId=10, EventName=ConnectionDisconnect 
2024-07-03 17:11:07.1421|Debug|Connection id "0HN4RAJL8G8HM" stopped. |ConnectionId=0HN4RAJL8G8HM, EventId=2, EventName=ConnectionStop 
